  Source.cpp
C:\Dev\Hook_Checker\Hook_Checker\Source.cpp(47,17): error C3861: '__readgsqword': identifier not found
C:\Dev\Hook_Checker\Hook_Checker\Source.cpp(173,30): error C2022: '3344': too big for character
C:\Dev\Hook_Checker\Hook_Checker\Source.cpp(173,49): error C2440: 'initializing': cannot convert from 'const char [5]' to 'char *[4]'
C:\Dev\Hook_Checker\Hook_Checker\Source.cpp(173,28): message : There is no context in which this conversion is possible
C:\Dev\Hook_Checker\Hook_Checker\Source.cpp(204,80): error C2664: 'FARPROC GetProcAddress(HMODULE,LPCSTR)': cannot convert argument 1 from 'HANDLE' to 'HMODULE'
C:\Dev\Hook_Checker\Hook_Checker\Source.cpp(204,52): message : Conversion from 'void*' to pointer to non-'void' requires an explicit cast
C:\Program Files (x86)\Windows Kits\10\Include\10.0.18362.0\um\libloaderapi.h(342,1): message : see declaration of 'GetProcAddress'
C:\Dev\Hook_Checker\Hook_Checker\Source.cpp(221,16): error C2446: '==': no conversion from 'int' to 'char *'
C:\Dev\Hook_Checker\Hook_Checker\Source.cpp(221,52): message : Conversion from integral type to pointer type requires reinterpret_cast, C-style cast or function-style cast
C:\Dev\Hook_Checker\Hook_Checker\Source.cpp(221,173): error C2446: '==': no conversion from 'int' to 'char *'
C:\Dev\Hook_Checker\Hook_Checker\Source.cpp(221,172): message : Conversion from integral type to pointer type requires reinterpret_cast, C-style cast or function-style cast
C:\Dev\Hook_Checker\Hook_Checker\Source.cpp(242,16): error C2446: '==': no conversion from 'int' to 'char *'
C:\Dev\Hook_Checker\Hook_Checker\Source.cpp(242,52): message : Conversion from integral type to pointer type requires reinterpret_cast, C-style cast or function-style cast
C:\Dev\Hook_Checker\Hook_Checker\Source.cpp(242,173): error C2446: '==': no conversion from 'int' to 'char *'
C:\Dev\Hook_Checker\Hook_Checker\Source.cpp(242,172): message : Conversion from integral type to pointer type requires reinterpret_cast, C-style cast or function-style cast
C:\Dev\Hook_Checker\Hook_Checker\Source.cpp(294,55): error C2440: 'initializing': cannot convert from 'int' to 'char *'
C:\Dev\Hook_Checker\Hook_Checker\Source.cpp(294,32): message : Conversion from integral type to pointer type requires reinterpret_cast, C-style cast or function-style cast
C:\Dev\Hook_Checker\Hook_Checker\Source.cpp(325,80): error C2664: 'FARPROC GetProcAddress(HMODULE,LPCSTR)': cannot convert argument 1 from 'HANDLE' to 'HMODULE'
C:\Dev\Hook_Checker\Hook_Checker\Source.cpp(325,52): message : Conversion from 'void*' to pointer to non-'void' requires an explicit cast
C:\Program Files (x86)\Windows Kits\10\Include\10.0.18362.0\um\libloaderapi.h(342,1): message : see declaration of 'GetProcAddress'
C:\Dev\Hook_Checker\Hook_Checker\Source.cpp(342,16): error C2446: '==': no conversion from 'int' to 'char *'
C:\Dev\Hook_Checker\Hook_Checker\Source.cpp(342,52): message : Conversion from integral type to pointer type requires reinterpret_cast, C-style cast or function-style cast
C:\Dev\Hook_Checker\Hook_Checker\Source.cpp(342,173): error C2446: '==': no conversion from 'int' to 'char *'
C:\Dev\Hook_Checker\Hook_Checker\Source.cpp(342,172): message : Conversion from integral type to pointer type requires reinterpret_cast, C-style cast or function-style cast
C:\Dev\Hook_Checker\Hook_Checker\Source.cpp(363,16): error C2446: '==': no conversion from 'int' to 'char *'
C:\Dev\Hook_Checker\Hook_Checker\Source.cpp(363,52): message : Conversion from integral type to pointer type requires reinterpret_cast, C-style cast or function-style cast
C:\Dev\Hook_Checker\Hook_Checker\Source.cpp(363,173): error C2446: '==': no conversion from 'int' to 'char *'
C:\Dev\Hook_Checker\Hook_Checker\Source.cpp(363,172): message : Conversion from integral type to pointer type requires reinterpret_cast, C-style cast or function-style cast
C:\Dev\Hook_Checker\Hook_Checker\Source.cpp(444,73): error C2664: 'LPVOID MapDLL(char *)': cannot convert argument 1 from 'const char [30]' to 'char *'
C:\Dev\Hook_Checker\Hook_Checker\Source.cpp(444,39): message : Conversion from string literal loses const qualifier (see /Zc:strictStrings)
C:\Dev\Hook_Checker\Hook_Checker\Source.cpp(400,8): message : see declaration of 'MapDLL'
C:\Dev\Hook_Checker\Hook_Checker\Source.cpp(447,57): error C2664: 'UINT_PTR FindDLLByName(wchar_t *)': cannot convert argument 1 from 'const wchar_t [10]' to 'wchar_t *'
C:\Dev\Hook_Checker\Hook_Checker\Source.cpp(447,45): message : Conversion from string literal loses const qualifier (see /Zc:strictStrings)
C:\Dev\Hook_Checker\Hook_Checker\Source.cpp(39,10): message : see declaration of 'FindDLLByName'
C:\Dev\Hook_Checker\Hook_Checker\Source.cpp(451,57): error C2664: 'void ListFunctionAddresses(UINT_PTR,char *)': cannot convert argument 1 from 'LPVOID' to 'UINT_PTR'
C:\Dev\Hook_Checker\Hook_Checker\Source.cpp(451,27): message : There is no context in which this conversion is possible
C:\Dev\Hook_Checker\Hook_Checker\Source.cpp(158,6): message : see declaration of 'ListFunctionAddresses'
